\BOOKMARK [1][-]{section.1}{\376\377\000B\000L\000D\000C\137\000\163\257\143\247\122\066}{}% 1
\BOOKMARK [2][-]{subsection.1.1}{\376\377\133\236\232\214\166\356\150\007}{section.1}% 2
\BOOKMARK [2][-]{subsection.1.2}{\376\377\133\236\232\214\123\237\164\006}{section.1}% 3
\BOOKMARK [3][-]{subsubsection.1.2.1}{\376\377\000B\000L\000D\000C\145\340\122\067\166\364\155\101\165\065\147\072\166\204\217\320\210\114}{subsection.1.2}% 4
\BOOKMARK [3][-]{subsubsection.1.2.2}{\376\377\217\154\133\120\117\115\177\156\150\300\155\113}{subsection.1.2}% 5
\BOOKMARK [2][-]{subsection.1.3}{\376\377\133\236\232\214\217\307\172\013}{section.1}% 6
\BOOKMARK [3][-]{subsubsection.1.3.1}{\376\377\176\277\215\357\217\336\143\245}{subsection.1.3}% 7
\BOOKMARK [3][-]{subsubsection.1.3.2}{\376\377\172\013\136\217\133\236\163\260}{subsection.1.3}% 8
\BOOKMARK [3][-]{subsubsection.1.3.3}{\376\377\172\013\136\217\213\276\213\241\150\106\126\376}{subsection.1.3}% 9
\BOOKMARK [3][-]{subsubsection.1.3.4}{\376\377\116\343\170\001\156\005\123\125\123\312\154\350\221\312}{subsection.1.3}% 10
\BOOKMARK [1][-]{section.2}{\376\377\000B\000L\000D\000C\225\355\163\257\143\247\122\066}{}% 11
\BOOKMARK [2][-]{subsection.2.1}{\376\377\133\236\232\214\166\356\150\007}{section.2}% 12
\BOOKMARK [2][-]{subsection.2.2}{\376\377\133\236\232\214\123\237\164\006}{section.2}% 13
\BOOKMARK [3][-]{subsubsection.2.2.1}{\376\377\217\154\220\037\225\355\163\257\000P\000I\143\247\122\066}{subsection.2.2}% 14
\BOOKMARK [2][-]{subsection.2.3}{\376\377\133\236\232\214\217\307\172\013}{section.2}% 15
\BOOKMARK [3][-]{subsubsection.2.3.1}{\376\377\176\277\215\357\217\336\143\245}{subsection.2.3}% 16
\BOOKMARK [3][-]{subsubsection.2.3.2}{\376\377\172\013\136\217\133\236\163\260}{subsection.2.3}% 17
\BOOKMARK [3][-]{subsubsection.2.3.3}{\376\377\116\343\170\001\156\005\123\125\123\312\154\350\221\312}{subsection.2.3}% 18
\BOOKMARK [1][-]{section.3}{\376\377\215\321\232\154\160\157\133\236\232\214}{}% 19
\BOOKMARK [2][-]{subsection.3.1}{\376\377\133\236\232\214\166\356\150\007}{section.3}% 20
\BOOKMARK [2][-]{subsection.3.2}{\376\377\133\236\232\214\123\237\164\006}{section.3}% 21
\BOOKMARK [2][-]{subsection.3.3}{\376\377\133\236\232\214\217\307\172\013}{section.3}% 22
\BOOKMARK [3][-]{subsubsection.3.3.1}{\376\377\176\277\215\357\217\336\143\245}{subsection.3.3}% 23
\BOOKMARK [3][-]{subsubsection.3.3.2}{\376\377\172\013\136\217\133\236\163\260}{subsection.3.3}% 24
\BOOKMARK [3][-]{subsubsection.3.3.3}{\376\377\116\343\170\001\156\005\123\125\123\312\154\350\221\312}{subsection.3.3}% 25
\BOOKMARK [1][-]{section.4}{\376\377\000U\000A\000R\000T\220\032\117\341}{}% 26
\BOOKMARK [2][-]{subsection.4.1}{\376\377\133\236\232\214\166\356\150\007}{section.4}% 27
\BOOKMARK [2][-]{subsection.4.2}{\376\377\133\236\232\214\123\237\164\006}{section.4}% 28
\BOOKMARK [3][-]{subsubsection.4.2.1}{\376\377\000B\000L\000D\000C\214\003\220\037\174\373\176\337\166\204\122\250\140\001\162\171\140\047}{subsection.4.2}% 29
\BOOKMARK [3][-]{subsubsection.4.2.2}{\376\377\201\352\133\232\116\111\220\032\213\257\177\023\133\130\123\072}{subsection.4.2}% 30
\BOOKMARK [2][-]{subsection.4.3}{\376\377\133\236\232\214\217\307\172\013}{section.4}% 31
\BOOKMARK [3][-]{subsubsection.4.3.1}{\376\377\176\277\215\357\217\336\143\245}{subsection.4.3}% 32
\BOOKMARK [3][-]{subsubsection.4.3.2}{\376\377\116\343\170\001\156\005\123\125\123\312\154\350\221\312}{subsection.4.3}% 33
\BOOKMARK [1][-]{lstnumber.-9.247}{\376\377\137\303\137\227\116\016\117\123\117\032}{}% 34
